<?xml version="1.0" encoding="UTF-8"?>
<testsuite name="com.betterachievements.security.PasswordEncoderTest" tests="3" skipped="0" failures="0" errors="0" timestamp="2025-07-12T01:48:47.888Z" hostname="DESKTOP-9I8QGG2" time="0.897">
  <properties/>
  <testcase name="shouldReturnNonEmptyHash()" classname="com.betterachievements.security.PasswordEncoderTest" time="0.307"/>
  <testcase name="shouldReturnDifferentHashForSamePassword()" classname="com.betterachievements.security.PasswordEncoderTest" time="0.304"/>
  <testcase name="shouldReturnDifferentHashForDifferentPassword()" classname="com.betterachievements.security.PasswordEncoderTest" time="0.285"/>
  <system-out><![CDATA[]]></system-out>
  <system-err><![CDATA[]]></system-err>
</testsuite>
