<?xml version="1.0" encoding="UTF-8"?>
<testsuite name="com.betterachievements.infrastructure.email.EmailServiceTest" tests="1" skipped="0" failures="0" errors="0" timestamp="2025-07-12T01:48:47.639Z" hostname="DESKTOP-9I8QGG2" time="0.03">
  <properties/>
  <testcase name="shouldSendEmail()" classname="com.betterachievements.infrastructure.email.EmailServiceTest" time="0.03"/>
  <system-out><![CDATA[]]></system-out>
  <system-err><![CDATA[]]></system-err>
</testsuite>
