<?xml version="1.0" encoding="UTF-8"?>
<testsuite name="com.betterachievements.domain.auth.service.EmailVerificationServiceTest" tests="5" skipped="0" failures="0" errors="0" timestamp="2025-07-12T01:48:47.454Z" hostname="DESKTOP-9I8QGG2" time="0.184">
  <properties/>
  <testcase name="shouldThrowExceptionDuringVerificationWhenTokenIsExpired()" classname="com.betterachievements.domain.auth.service.EmailVerificationServiceTest" time="0.172"/>
  <testcase name="shouldThrowExceptionDuringVerificationWhenEmailIsAlreadyVerified()" classname="com.betterachievements.domain.auth.service.EmailVerificationServiceTest" time="0.003"/>
  <testcase name="shouldCallVerifyUserEmailIfTokenIsCorrectAndDeleteToken()" classname="com.betterachievements.domain.auth.service.EmailVerificationServiceTest" time="0.002"/>
  <testcase name="shouldCreateAndSendVerificationEmailWhenTokenIsCorrect()" classname="com.betterachievements.domain.auth.service.EmailVerificationServiceTest" time="0.002"/>
  <testcase name="shouldThrowExceptionDuringTokenCreationWhenEmailAlreadyVerified()" classname="com.betterachievements.domain.auth.service.EmailVerificationServiceTest" time="0.002"/>
  <system-out><![CDATA[]]></system-out>
  <system-err><![CDATA[]]></system-err>
</testsuite>
